2018-01-10 16:24:48 -0500: wmap: 
  http://www.lcbhome.com/
  https://www.lcbhome.com/
2018-01-10 16:40:53 -0500: wmap: 
  http://www.lcbhome.com/
  https://www.lcbhome.com/
2018-01-10 16:54:36 -0500: wmap: 
  http://www.lcbhome.com/
  https://www.lcbhome.com/
2018-01-10 17:05:59 -0500: wmap: 
  http://www.lcbhome.com/
  https://www.lcbhome.com/
2018-01-11 14:52:29 -0500: wmap: 
  http://www.cnn.com/
  http://money.cnn.com/
  http://cnn.it/
  https://www.turnerjobs.com/
  https://www.facebook.com/
  https://twitter.com/
  https://instagram.com/
  http://www.turner.com/
  http://cnnnewsource.com/
  http://inhealth.cnn.com/
  https://www.abc2news.com/
  http://newyork.cbslocal.com/
  http://www.cbs46.com/
  http://baltimore.cbslocal.com/
  http://wlos.com/
  http://philadelphia.cbslocal.com/
  http://wwlp.com/
  http://miami.cbslocal.com/
  http://www.fox10tv.com/
  http://boston.cbslocal.com/
  http://fox11online.com/
  http://www.katc.com/
  http://chicago.cbslocal.com/
  http://dfw.cbslocal.com/
  http://fox6now.com/
  http://www.knoe.com/
  http://minnesota.cbslocal.com/
  https://www.channel3000.com/
  http://5newsonline.com/
  http://wgno.com/
  https://www.kgun9.com/
  http://abc30.com/
  http://denver.cbslocal.com/
  http://ktla.com/
  http://www.fox5vegas.com/
  http://losangeles.cbslocal.com/
  http://www.azfamily.com/
  https://www.abc15.com/
  http://sanfrancisco.cbslocal.com/
  http://sacramento.cbslocal.com/
  https://www.lendingtree.com/
  https://ck.lendingtree.com/
  http://ck.lendingtree.com/
  http://www.comparecards.com/
  http://www.fool.com/
  https://www.fool.com/
  http://bleacherreport.com/
  http://facebook.com/
  http://twitter.com/
  http://instagram.com/
  http://consent.truste.com/
  http://cnn.com/
  http://markets.money.cnn.com/
  https://www.linkedin.com/
  http://www.nextadvisor.com/
  https://www.nextadvisor.com/
  http://www.bankrate.com/
  https://www.bankrate.com/
  https://www.myfinance.com/
  https://stacksocial.com/
  https://smartasset.com/
  https://products.gobankingrates.com/
  http://jobsearch.money.cnn.com/
  http://realestate.money.cnn.com/
  http://www.youtube.com/
  https://plus.google.com/
  http://www.theatlantic.com/
  http://www.pewresearch.org/
  http://www.phillymag.com/
  http://www.nytimes.com/
  http://gizmodo.com/
  http://nymag.com/
  http://www.esds1.pt/
  https://facebook.com/
  https://www.instagram.com/
  http://edition.cnn.com/
  http://www.facebook.com/
  http://www.twitter.com/
  http://www.instagram.com/
  http://www.onlinemediaawards.net/
  http://commercial.cnn.com/
  http://www.wearecnn.com/
  http://transcripts.cnn.com/
  http://www.cnnnewsource.com/
  http://go.cnn.com/
  https://www.cnn.com/
2018-01-12 14:06:18 -0500: wmap: 
  http://www.lcbhome.com/
  https://www.lcbhome.com/
2018-10-29 10:39:27 -0400: wmap: 
  http://www.prh.com/
  https://www.prh.com/
