2018-01-10 16:24:21 -0500: wmap: 
  http://www.lcbhome.com/
  https://www.lcbhome.com/
2018-01-10 16:40:26 -0500: wmap: 
  http://www.lcbhome.com/
  https://www.lcbhome.com/
2018-01-10 16:54:09 -0500: wmap: 
  http://www.lcbhome.com/
  https://www.lcbhome.com/
2018-01-10 17:04:59 -0500: wmap: 
  http://www.lcbhome.com/
  https://www.lcbhome.com/
2018-01-11 14:34:29 -0500: wmap: 
  http://www.lcbhome.com/
  https://www.lcbhome.com/
2018-01-11 14:44:13 -0500: wmap: 
  http://www.lcbhome.com/
  https://www.lcbhome.com/
2018-01-11 14:48:03 -0500: wmap: 
  http://www.lcbhome.com/
  https://www.lcbhome.com/
2018-01-11 14:52:16 -0500: wmap: 
  http://www.cnn.com/
  https://www.cnn.com/
2018-01-11 15:26:26 -0500: wmap: 
  http://www.lcbhome.com/
  https://www.lcbhome.com/
2018-01-11 15:31:42 -0500: wmap: 
  http://www.lcbhome.com/
  https://www.lcbhome.com/
2018-01-11 15:47:19 -0500: wmap: 
  http://www.lcbhome.com/
  https://www.lcbhome.com/
2018-01-11 15:55:08 -0500: wmap: 
  http://www.lcbhome.com/
  https://www.lcbhome.com/
2018-01-11 15:57:37 -0500: wmap: 
  http://www.lcbhome.com/
  https://www.lcbhome.com/
2018-01-12 14:05:46 -0500: wmap: 
  http://www.lcbhome.com/
  https://www.lcbhome.com/
2018-10-29 10:39:23 -0400: wmap: 
  http://www.prh.com/
  https://www.prh.com/
